<?xml version="1.0" encoding="utf-8"?><testsuites name="pytest tests"><testsuite name="pytest" errors="0" failures="0" skipped="0" tests="449" time="4.120" timestamp="2025-12-19T22:17:59.933062+00:00" hostname="AliG-2.local"><testcase classname="recipes.tests.test_recipe_alergens.RecipeAllergenAndDietaryTests" name="test_allergen_recipe_allergens_and_dietary_info" time="0.194" /><testcase classname="recipes.tests.test_recipe_alergens.RecipeAllergenAndDietaryTests" name="test_duplicate_allergens_and_dietary_info_are_deduplicated" time="0.043" /><testcase classname="recipes.tests.test_recipe_alergens.RecipeAllergenAndDietaryTests" name="test_empty_recipe_has_no_allergens_or_dietary_info" time="0.028" /><testcase classname="recipes.tests.test_recipe_alergens.RecipeAllergenAndDietaryTests" name="test_safe_recipe_allergens_and_dietary_info" time="0.033" /><testcase classname="recipes.tests.test_recipe_count.RecipeCountTests" name="test_invalid_user_returns_zero_count" time="0.062" /><testcase classname="recipes.tests.test_recipe_count.RecipeCountTests" name="test_recipe_count_field_updates_on_create" time="0.004" /><testcase classname="recipes.tests.test_recipe_count.RecipeCountTests" name="test_recipe_count_field_updates_on_delete" time="0.006" /><testcase classname="recipes.tests.test_recipe_count.RecipeCountTests" name="test_recipe_count_sync_with_api_endpoint" time="0.007" /><testcase classname="recipes.tests.test_recipe_count.RecipeCountTests" name="test_user_with_many_recipes_gets_badge" time="0.010" /><testcase classname="recipes.tests.test_recipe_count.RecipeCountTests" name="test_user_with_no_recipes_returns_zero_without_badge" time="0.004" /><testcase classname="recipes.tests.test_recipe_count_signals.RecipeCountSignalUnitTests" name="test_create_multiple_recipes_increments_count" time="0.008" /><testcase classname="recipes.tests.test_recipe_count_signals.RecipeCountSignalUnitTests" name="test_create_recipe_increments_count" time="0.003" /><testcase classname="recipes.tests.test_recipe_count_signals.RecipeCountSignalUnitTests" name="test_create_with_deleted_on_does_not_increment" time="0.003" /><testcase classname="recipes.tests.test_recipe_count_signals.RecipeCountSignalUnitTests" name="test_delete_already_deleted_recipe_does_not_decrement_twice" time="0.007" /><testcase classname="recipes.tests.test_recipe_count_signals.RecipeCountSignalUnitTests" name="test_delete_recipe_not_owned_does_not_affect_count" time="0.006" /><testcase classname="recipes.tests.test_recipe_count_signals.RecipeCountSignalUnitTests" name="test_multiple_users_separate_counts" time="0.006" /><testcase classname="recipes.tests.test_recipe_count_signals.RecipeCountSignalUnitTests" name="test_restore_recipe_increments_count" time="0.007" /><testcase classname="recipes.tests.test_recipe_count_signals.RecipeCountSignalUnitTests" name="test_soft_delete_decrements_count" time="0.005" /><testcase classname="recipes.tests.test_recipe_count_signals.RecipeCountSignalUnitTests" name="test_soft_delete_preserves_count_at_zero" time="0.006" /><testcase classname="recipes.tests.test_recipe_count_signals.RecipeCountSignalUnitTests" name="test_update_recipe_other_fields_does_not_change_count" time="0.004" /><testcase classname="recipes.tests.test_recipe_count_signals.RecipeCountIntegrationTests" name="test_create_multiple_recipes_via_api" time="0.024" /><testcase classname="recipes.tests.test_recipe_count_signals.RecipeCountIntegrationTests" name="test_create_recipe_via_api_increments_count" time="0.010" /><testcase classname="recipes.tests.test_recipe_count_signals.RecipeCountIntegrationTests" name="test_delete_and_recreate_recipe_via_api" time="0.021" /><testcase classname="recipes.tests.test_recipe_count_signals.RecipeCountIntegrationTests" name="test_delete_other_users_recipe_does_not_affect_own_count" time="0.013" /><testcase classname="recipes.tests.test_recipe_count_signals.RecipeCountIntegrationTests" name="test_delete_recipe_via_api_decrements_count" time="0.012" /><testcase classname="recipes.tests.test_recipe_count_signals.RecipeCountIntegrationTests" name="test_multiple_users_separate_counts_via_api" time="0.022" /><testcase classname="recipes.tests.test_recipe_count_signals.RecipeCountIntegrationTests" name="test_update_recipe_via_api_does_not_change_count" time="0.015" /><testcase classname="recipes.tests.test_recipe_count_signals.RecipeCountEdgeCaseTests" name="test_concurrent_recipe_creation" time="0.007" /><testcase classname="recipes.tests.test_recipe_count_signals.RecipeCountEdgeCaseTests" name="test_recipe_count_with_existing_data" time="0.003" /><testcase classname="recipes.tests.test_recipe_count_signals.RecipeCountEdgeCaseTests" name="test_recipe_without_creator_does_not_crash" time="0.002" /><testcase classname="recipes.tests.test_recipe_count_signals.RecipeCountEdgeCaseTests" name="test_restore_then_delete_again" time="0.010" /><testcase classname="recipes.tests.test_recipe_ingredients.RecipeIngredientModelTests" name="test_clean_with_empty_allowed_units" time="0.004" /><testcase classname="recipes.tests.test_recipe_ingredients.RecipeIngredientModelTests" name="test_clean_with_invalid_unit" time="0.003" /><testcase classname="recipes.tests.test_recipe_ingredients.RecipeIngredientModelTests" name="test_clean_with_valid_unit" time="0.003" /><testcase classname="recipes.tests.test_recipe_ingredients.RecipeIngredientModelTests" name="test_create_recipe_ingredient_with_long_unit" time="0.003" /><testcase classname="recipes.tests.test_recipe_ingredients.RecipeIngredientModelTests" name="test_create_recipe_ingredient_with_negative_quantity" time="0.003" /><testcase classname="recipes.tests.test_recipe_ingredients.RecipeIngredientModelTests" name="test_create_recipe_ingredient_with_zero_quantity" time="0.003" /><testcase classname="recipes.tests.test_recipe_ingredients.RecipeIngredientModelTests" name="test_create_recipe_ingredient_without_ingredient" time="0.003" /><testcase classname="recipes.tests.test_recipe_ingredients.RecipeIngredientModelTests" name="test_create_recipe_ingredient_without_recipe" time="0.003" /><testcase classname="recipes.tests.test_recipe_ingredients.RecipeIngredientModelTests" name="test_create_valid_recipe_ingredient" time="0.005" /><testcase classname="recipes.tests.test_recipe_ingredients.RecipeIngredientModelTests" name="test_get_costs" time="0.005" /><testcase classname="recipes.tests.test_recipe_ingredients.RecipeIngredientModelTests" name="test_get_costs_with_different_currency" time="0.006" /><testcase classname="recipes.tests.test_recipe_ingredients.RecipeIngredientModelTests" name="test_get_costs_with_unit_conversion" time="0.006" /><testcase classname="recipes.tests.test_recipe_ingredients.RecipeIngredientModelTests" name="test_get_nutrition_info" time="0.005" /><testcase classname="recipes.tests.test_recipe_ingredients.RecipeIngredientModelTests" name="test_get_nutrition_info_with_unit_conversion" time="0.005" /><testcase classname="recipes.tests.test_recipe_ingredients.RecipeIngredientModelTests" name="test_str_method" time="0.006" /><testcase classname="recipes.tests.test_recipe_likes.RecipeLikeModelTests" name="test_create_recipe_like" time="0.003" /><testcase classname="recipes.tests.test_recipe_likes.RecipeLikeModelTests" name="test_default_like_count" time="0.003" /><testcase classname="recipes.tests.test_recipe_likes.RecipeLikeModelTests" name="test_multiple_users_can_like_same_recipe" time="0.004" /><testcase classname="recipes.tests.test_recipe_likes.RecipeLikeModelTests" name="test_unique_user_recipe_like" time="0.003" /><testcase classname="recipes.tests.test_recipe_likes.RecipeLikeModelTests" name="test_user_can_like_multiple_recipes" time="0.004" /><testcase classname="recipes.tests.test_recipe_serializers.RecipeIngredientOutputSerializerTests" name="test_recipe_ingredient_output_serializer_basic_fields" time="0.007" /><testcase classname="recipes.tests.test_recipe_serializers.RecipeIngredientOutputSerializerTests" name="test_recipe_ingredient_output_serializer_costs" time="0.008" /><testcase classname="recipes.tests.test_recipe_serializers.RecipeIngredientOutputSerializerTests" name="test_recipe_ingredient_output_serializer_nutrition" time="0.006" /><testcase classname="recipes.tests.test_recipe_serializers.RecipeListSerializerTests" name="test_recipe_list_serializer_basic_fields" time="0.005" /><testcase classname="recipes.tests.test_recipe_serializers.RecipeListSerializerTests" name="test_recipe_list_serializer_recipe_costs" time="0.004" /><testcase classname="recipes.tests.test_recipe_serializers.RecipeListSerializerTests" name="test_recipe_list_serializer_recipe_nutritions" time="0.004" /><testcase classname="recipes.tests.test_recipe_serializers.RecipeListSerializerTests" name="test_recipe_list_serializer_total_time" time="0.004" /><testcase classname="recipes.tests.test_recipe_serializers.RecipeDetailSerializerTests" name="test_recipe_detail_serializer_allergens" time="0.011" /><testcase classname="recipes.tests.test_recipe_serializers.RecipeDetailSerializerTests" name="test_recipe_detail_serializer_basic_fields" time="0.012" /><testcase classname="recipes.tests.test_recipe_serializers.RecipeDetailSerializerTests" name="test_recipe_detail_serializer_dietary_info" time="0.011" /><testcase classname="recipes.tests.test_recipe_serializers.RecipeDetailSerializerTests" name="test_recipe_detail_serializer_ingredients" time="0.011" /><testcase classname="recipes.tests.test_recipe_serializers.RecipeDetailSerializerTests" name="test_recipe_detail_serializer_recipe_costs" time="0.011" /><testcase classname="recipes.tests.test_recipe_serializers.RecipeDetailSerializerTests" name="test_recipe_detail_serializer_total_time" time="0.011" /><testcase classname="recipes.tests.test_recipe_serializers.RecipeCreateSerializerTests" name="test_recipe_create_serializer_invalid_ingredient" time="0.003" /><testcase classname="recipes.tests.test_recipe_serializers.RecipeCreateSerializerTests" name="test_recipe_create_serializer_valid_data" time="0.009" /><testcase classname="recipes.tests.test_recipe_serializers.RecipeUpdateSerializerTests" name="test_recipe_update_serializer_partial_update" time="0.004" /><testcase classname="recipes.tests.test_recipe_serializers.RecipeUpdateSerializerTests" name="test_recipe_update_serializer_update_ingredients" time="0.010" /><testcase classname="recipes.tests.test_recipe_viewset.RecipeViewSetTests" name="test_create_recipe_authenticated" time="0.018" /><testcase classname="recipes.tests.test_recipe_viewset.RecipeViewSetTests" name="test_create_recipe_invalid_data" time="0.005" /><testcase classname="recipes.tests.test_recipe_viewset.RecipeViewSetTests" name="test_create_recipe_unauthenticated" time="0.004" /><testcase classname="recipes.tests.test_recipe_viewset.RecipeViewSetTests" name="test_delete_nonexistent_recipe" time="0.004" /><testcase classname="recipes.tests.test_recipe_viewset.RecipeViewSetTests" name="test_delete_recipe" time="0.010" /><testcase classname="recipes.tests.test_recipe_viewset.RecipeViewSetTests" name="test_list_recipes_authenticated" time="0.007" /><testcase classname="recipes.tests.test_recipe_viewset.RecipeViewSetTests" name="test_list_recipes_pagination" time="0.030" /><testcase classname="recipes.tests.test_recipe_viewset.RecipeViewSetTests" name="test_list_recipes_unauthenticated" time="0.008" /><testcase classname="recipes.tests.test_recipe_viewset.RecipeViewSetTests" name="test_meal_planner_endpoint" time="0.006" /><testcase classname="recipes.tests.test_recipe_viewset.RecipeViewSetTests" name="test_meal_planner_filter_by_boolean_fields" time="0.004" /><testcase classname="recipes.tests.test_recipe_viewset.RecipeViewSetTests" name="test_meal_planner_filter_by_cost_range" time="0.004" /><testcase classname="recipes.tests.test_recipe_viewset.RecipeViewSetTests" name="test_meal_planner_filter_by_meal_type" time="0.006" /><testcase classname="recipes.tests.test_recipe_viewset.RecipeViewSetTests" name="test_meal_planner_filter_by_name" time="0.006" /><testcase classname="recipes.tests.test_recipe_viewset.RecipeViewSetTests" name="test_meal_planner_filter_by_nutrition" time="0.004" /><testcase classname="recipes.tests.test_recipe_viewset.RecipeViewSetTests" name="test_meal_planner_filter_by_rating" time="0.004" /><testcase classname="recipes.tests.test_recipe_viewset.RecipeViewSetTests" name="test_meal_planner_filter_by_time" time="0.007" /><testcase classname="recipes.tests.test_recipe_viewset.RecipeViewSetTests" name="test_meal_planner_invalid_meal_type" time="0.004" /><testcase classname="recipes.tests.test_recipe_viewset.RecipeViewSetTests" name="test_meal_planner_pagination" time="0.027" /><testcase classname="recipes.tests.test_recipe_viewset.RecipeViewSetTests" name="test_retrieve_nonexistent_recipe" time="0.004" /><testcase classname="recipes.tests.test_recipe_viewset.RecipeViewSetTests" name="test_retrieve_recipe" time="0.007" /><testcase classname="recipes.tests.test_recipe_viewset.RecipeViewSetTests" name="test_update_recipe" time="0.009" /><testcase classname="recipes.tests.test_recipe_viewset.RecipeViewSetTests" name="test_update_recipe_ingredients" time="0.016" /><testcase classname="recipes.tests.test_recipes.RecipeModelTests" name="test_calculate_cost_per_serving" time="0.007" /><testcase classname="recipes.tests.test_recipes.RecipeModelTests" name="test_calculate_cost_per_serving_with_dummy_user" time="0.006" /><testcase classname="recipes.tests.test_recipes.RecipeModelTests" name="test_calculate_nutrition_info" time="0.010" /><testcase classname="recipes.tests.test_recipes.RecipeModelTests" name="test_calculate_recipe_cost" time="0.011" /><testcase classname="recipes.tests.test_recipes.RecipeModelTests" name="test_check_allergens" time="0.010" /><testcase classname="recipes.tests.test_recipes.RecipeModelTests" name="test_check_allergens_empty" time="0.006" /><testcase classname="recipes.tests.test_recipes.RecipeModelTests" name="test_check_dietary_info" time="0.019" /><testcase classname="recipes.tests.test_recipes.RecipeModelTests" name="test_check_dietary_info_empty" time="0.004" /><testcase classname="recipes.tests.test_recipes.RecipeModelTests" name="test_create_recipe_invalid_meal_type" time="0.003" /><testcase classname="recipes.tests.test_recipes.RecipeModelTests" name="test_create_recipe_valid" time="0.003" /><testcase classname="recipes.tests.test_recipes.RecipeModelTests" name="test_create_recipe_with_invalid_rating" time="0.002" /><testcase classname="recipes.tests.test_recipes.RecipeModelTests" name="test_create_recipe_with_missing_name" time="0.003" /><testcase classname="recipes.tests.test_recipes.RecipeModelTests" name="test_create_recipe_with_valid_ratings" time="0.003" /><testcase classname="recipes.tests.test_recipes.RecipeModelTests" name="test_create_recipe_without_ratings" time="0.003" /><testcase classname="recipes.tests.test_recipes.RecipeModelTests" name="test_create_recipe_without_steps" time="0.003" /><testcase classname="recipes.tests.test_recipes.RecipeModelTests" name="test_created_at_field" time="0.003" /><testcase classname="recipes.tests.test_recipes.RecipeModelTests" name="test_drop_rating_difficulty" time="0.004" /><testcase classname="recipes.tests.test_recipes.RecipeModelTests" name="test_drop_rating_health" time="0.004" /><testcase classname="recipes.tests.test_recipes.RecipeModelTests" name="test_drop_rating_taste" time="0.004" /><testcase classname="recipes.tests.test_recipes.RecipeModelTests" name="test_recipe_str_method" time="0.003" /><testcase classname="recipes.tests.test_recipes.RecipeModelTests" name="test_recipe_total_time" time="0.003" /><testcase classname="recipes.tests.test_recipes.RecipeModelTests" name="test_recipe_total_time_with_none" time="0.003" /><testcase classname="recipes.tests.test_recipes.RecipeModelTests" name="test_soft_delete" time="0.006" /><testcase classname="recipes.tests.test_recipes.RecipeModelTests" name="test_soft_delete_already_deleted" time="0.005" /><testcase classname="recipes.tests.test_recipes.RecipeModelTests" name="test_total_ratings_property" time="0.003" /><testcase classname="recipes.tests.test_recipes.RecipeModelTests" name="test_total_ratings_property_with_none" time="0.003" /><testcase classname="recipes.tests.test_recipes.RecipeModelTests" name="test_total_user_ratings_property" time="0.003" /><testcase classname="recipes.tests.test_recipes.RecipeModelTests" name="test_update_ratings_difficulty" time="0.005" /><testcase classname="recipes.tests.test_recipes.RecipeModelTests" name="test_update_ratings_health" time="0.004" /><testcase classname="recipes.tests.test_recipes.RecipeModelTests" name="test_update_ratings_taste" time="0.004" /><testcase classname="qa.tests.test_post_comments.AnswerTestCase" name="test_comment_on_non_commentable_post" time="0.002" /><testcase classname="qa.tests.test_post_comments.AnswerTestCase" name="test_create_comment" time="0.001" /><testcase classname="qa.tests.test_post_comments.AnswerTestCase" name="test_inc_downvote_comment" time="0.002" /><testcase classname="qa.tests.test_post_comments.AnswerTestCase" name="test_inc_upvote_comment" time="0.002" /><testcase classname="qa.tests.test_post_comments.AnswerTestCase" name="test_reply_to_comment" time="0.002" /><testcase classname="qa.tests.test_post_endpoints.QuestionAnswerAPITestCase" name="test_create_comment" time="0.013" /><testcase classname="qa.tests.test_post_endpoints.QuestionAnswerAPITestCase" name="test_delete_comment" time="0.005" /><testcase classname="qa.tests.test_post_endpoints.QuestionAnswerAPITestCase" name="test_list_comments" time="0.005" /><testcase classname="qa.tests.test_posts.QuestionModelTest" name="test_question_creation" time="0.002" /><testcase classname="qa.tests.test_posts.QuestionModelTest" name="test_question_field_defaults" time="0.001" /><testcase classname="qa.tests.test_posts.QuestionModelTest" name="test_question_str_method" time="0.001" /><testcase classname="qa.tests.test_posts.QuestionModelTest" name="test_question_tags" time="0.002" /><testcase classname="ingredients.tests.test_ingredient_model.IngredientModelTests" name="test_clean_with_base_unit_not_in_allowed_units" time="0.001" /><testcase classname="ingredients.tests.test_ingredient_model.IngredientModelTests" name="test_clean_with_empty_allowed_units" time="0.001" /><testcase classname="ingredients.tests.test_ingredient_model.IngredientModelTests" name="test_clean_with_invalid_allowed_units" time="0.001" /><testcase classname="ingredients.tests.test_ingredient_model.IngredientModelTests" name="test_clean_with_valid_allowed_units" time="0.001" /><testcase classname="ingredients.tests.test_ingredient_model.IngredientModelTests" name="test_convert_quantity_to_base_direct_conversion" time="0.001" /><testcase classname="ingredients.tests.test_ingredient_model.IngredientModelTests" name="test_convert_quantity_to_base_invalid_conversion" time="0.001" /><testcase classname="ingredients.tests.test_ingredient_model.IngredientModelTests" name="test_convert_quantity_to_base_reverse_conversion" time="0.001" /><testcase classname="ingredients.tests.test_ingredient_model.IngredientModelTests" name="test_convert_quantity_to_base_same_unit" time="0.001" /><testcase classname="ingredients.tests.test_ingredient_model.IngredientModelTests" name="test_create_ingredient_with_default_category" time="0.001" /><testcase classname="ingredients.tests.test_ingredient_model.IngredientModelTests" name="test_create_ingredient_with_empty_allergens_and_dietary_info" time="0.001" /><testcase classname="ingredients.tests.test_ingredient_model.IngredientModelTests" name="test_create_ingredient_with_invalid_category" time="0.001" /><testcase classname="ingredients.tests.test_ingredient_model.IngredientModelTests" name="test_create_ingredient_with_valid_category" time="0.001" /><testcase classname="ingredients.tests.test_ingredient_model.IngredientModelTests" name="test_get_base_price" time="0.001" /><testcase classname="ingredients.tests.test_ingredient_model.IngredientModelTests" name="test_get_base_price_nonexistent_market" time="0.001" /><testcase classname="ingredients.tests.test_ingredient_model.IngredientModelTests" name="test_get_nutrion_info_custom_quantity" time="0.001" /><testcase classname="ingredients.tests.test_ingredient_model.IngredientModelTests" name="test_get_nutrion_info_default_quantity" time="0.001" /><testcase classname="ingredients.tests.test_ingredient_model.IngredientModelTests" name="test_get_nutrion_info_with_none_values" time="0.001" /><testcase classname="ingredients.tests.test_ingredient_model.IngredientModelTests" name="test_get_nutrion_info_with_unit_conversion" time="0.001" /><testcase classname="ingredients.tests.test_ingredient_model.IngredientModelTests" name="test_get_price_for_user_try_to_usd" time="0.001" /><testcase classname="ingredients.tests.test_ingredient_model.IngredientModelTests" name="test_get_price_for_user_unauthenticated_dummy_user" time="0.001" /><testcase classname="ingredients.tests.test_ingredient_model.IngredientModelTests" name="test_get_price_for_user_usd_to_try" time="0.001" /><testcase classname="ingredients.tests.test_ingredient_model.IngredientModelTests" name="test_get_price_for_user_usd_to_usd" time="0.001" /><testcase classname="ingredients.tests.test_ingredient_model.IngredientModelTests" name="test_get_price_for_user_with_none_prices" time="0.001" /><testcase classname="ingredients.tests.test_ingredient_model.IngredientModelTests" name="test_get_price_for_user_with_unit_conversion" time="0.001" /><testcase classname="ingredients.tests.test_ingredient_model.IngredientModelTests" name="test_str_method" time="0.001" /><testcase classname="ingredients.tests.test_ingredient_serializers.IngredientSerializerTests" name="test_ingredient_serializer_basic_fields" time="0.002" /><testcase classname="ingredients.tests.test_ingredient_serializers.IngredientSerializerTests" name="test_ingredient_serializer_nutrition_info" time="0.001" /><testcase classname="ingredients.tests.test_ingredient_serializers.IngredientSerializerTests" name="test_ingredient_serializer_nutrition_info_custom_quantity" time="0.001" /><testcase classname="ingredients.tests.test_ingredient_serializers.IngredientSerializerTests" name="test_ingredient_serializer_prices" time="0.002" /><testcase classname="ingredients.tests.test_ingredient_serializers.IngredientSerializerTests" name="test_ingredient_serializer_prices_custom_quantity" time="0.001" /><testcase classname="ingredients.tests.test_ingredient_serializers.IngredientSerializerTests" name="test_ingredient_serializer_prices_unauthenticated" time="0.002" /><testcase classname="ingredients.tests.test_ingredient_serializers.WikidataInfoSerializerTests" name="test_wikidata_info_serializer_all_fields" time="0.002" /><testcase classname="ingredients.tests.test_ingredient_serializers.IngredientPaginationTests" name="test_pagination_custom_page_size" time="0.006" /><testcase classname="ingredients.tests.test_ingredient_serializers.IngredientPaginationTests" name="test_pagination_default_page_size" time="0.006" /><testcase classname="ingredients.tests.test_ingredient_serializers.IngredientPaginationTests" name="test_pagination_max_page_size" time="0.006" /><testcase classname="ingredients.tests.test_ingredient_serializers.IngredientPaginationTests" name="test_pagination_page_number" time="0.006" /><testcase classname="ingredients.tests.test_ingredient_viewset.IngredientViewSetTests" name="test_get_id_by_name_missing_parameter" time="0.003" /><testcase classname="ingredients.tests.test_ingredient_viewset.IngredientViewSetTests" name="test_get_id_by_name_not_found" time="0.002" /><testcase classname="ingredients.tests.test_ingredient_viewset.IngredientViewSetTests" name="test_get_id_by_name_success" time="0.002" /><testcase classname="ingredients.tests.test_ingredient_viewset.IngredientViewSetTests" name="test_get_ingredient_by_name_missing_parameter" time="0.030" /><testcase classname="ingredients.tests.test_ingredient_viewset.IngredientViewSetTests" name="test_get_ingredient_by_name_normalizes_whitespace" time="0.003" /><testcase classname="ingredients.tests.test_ingredient_viewset.IngredientViewSetTests" name="test_get_ingredient_by_name_not_found" time="0.002" /><testcase classname="ingredients.tests.test_ingredient_viewset.IngredientViewSetTests" name="test_get_ingredient_by_name_success" time="0.003" /><testcase classname="ingredients.tests.test_ingredient_viewset.IngredientViewSetTests" name="test_list_ingredients" time="0.003" /><testcase classname="ingredients.tests.test_ingredient_viewset.IngredientViewSetTests" name="test_list_ingredients_pagination" time="0.003" /><testcase classname="ingredients.tests.test_ingredient_viewset.IngredientViewSetTests" name="test_retrieve_ingredient" time="0.003" /><testcase classname="ingredients.tests.test_ingredient_viewset.IngredientViewSetTests" name="test_retrieve_nonexistent_ingredient" time="0.003" /><testcase classname="ingredients.tests.test_wikidata_api_conn.ForcefulWikidataMockingTest" name="test_forceful_wikidata_id_mocking_apple" time="0.003" /><testcase classname="ingredients.tests.test_wikidata_api_conn.ForcefulWikidataMockingTestBanana" name="test_forceful_wikidata_id_mocking_banana" time="0.003" /><testcase classname="ingredients.tests.test_wikidata_api_conn.WikidataInfoModelTests" name="test_create_wikidata_info" time="0.001" /><testcase classname="ingredients.tests.test_wikidata_api_conn.WikidataInfoModelTests" name="test_wikidata_info_nullable_fields" time="0.002" /><testcase classname="ingredients.tests.test_wikidata_api_conn.WikidataInfoModelTests" name="test_wikidata_info_str_method" time="0.002" /><testcase classname="ingredients.tests.test_wikidata_api_conn.WikidataInfoModelTests" name="test_wikidata_info_unique_ingredient_id" time="0.001" /><testcase classname="forum.tests.test_post_comments.ForumPostCommentTestCase" name="test_comment_on_non_commentable_post" time="0.003" /><testcase classname="forum.tests.test_post_comments.ForumPostCommentTestCase" name="test_create_comment" time="0.002" /><testcase classname="forum.tests.test_post_comments.ForumPostCommentTestCase" name="test_inc_downvote_comment" time="0.004" /><testcase classname="forum.tests.test_post_comments.ForumPostCommentTestCase" name="test_inc_upvote_comment" time="0.002" /><testcase classname="forum.tests.test_post_comments.ForumPostCommentTestCase" name="test_reply_to_comment" time="0.002" /><testcase classname="forum.tests.test_post_endpoints.ForumPostCommentAPITestCase" name="test_create_comment" time="0.004" /><testcase classname="forum.tests.test_post_endpoints.ForumPostCommentAPITestCase" name="test_delete_comment" time="0.005" /><testcase classname="forum.tests.test_post_endpoints.ForumPostCommentAPITestCase" name="test_list_comments" time="0.005" /><testcase classname="forum.tests.test_posts.ForumPostModelTest" name="test_forum_post_creation" time="0.002" /><testcase classname="forum.tests.test_posts.ForumPostModelTest" name="test_forum_post_field_defaults" time="0.001" /><testcase classname="forum.tests.test_posts.ForumPostModelTest" name="test_forum_post_str_method" time="0.001" /><testcase classname="forum.tests.test_posts.ForumPostModelTest" name="test_forum_post_tags" time="0.002" /><testcase classname="api.tests.test_activity_stream.ActivityStreamSerializerUnitTests" name="test_serializer_handles_optional_fields" time="0.002" /><testcase classname="api.tests.test_activity_stream.ActivityStreamSerializerUnitTests" name="test_serializer_validates_data_types" time="0.001" /><testcase classname="api.tests.test_activity_stream.ActivityStreamSerializerUnitTests" name="test_serializer_validates_required_fields" time="0.001" /><testcase classname="api.tests.test_activity_stream.ActivityStreamIntegrationTests" name="test_activity_stream_answer_target_references" time="0.012" /><testcase classname="api.tests.test_activity_stream.ActivityStreamIntegrationTests" name="test_activity_stream_comment_target_references" time="0.009" /><testcase classname="api.tests.test_activity_stream.ActivityStreamIntegrationTests" name="test_activity_stream_content_truncation" time="0.010" /><testcase classname="api.tests.test_activity_stream.ActivityStreamIntegrationTests" name="test_activity_stream_empty_content_fields" time="0.009" /><testcase classname="api.tests.test_activity_stream.ActivityStreamIntegrationTests" name="test_activity_stream_empty_when_not_following_anyone" time="0.006" /><testcase classname="api.tests.test_activity_stream.ActivityStreamIntegrationTests" name="test_activity_stream_excludes_own_activities" time="0.011" /><testcase classname="api.tests.test_activity_stream.ActivityStreamIntegrationTests" name="test_activity_stream_excludes_soft_deleted_answers" time="0.009" /><testcase classname="api.tests.test_activity_stream.ActivityStreamIntegrationTests" name="test_activity_stream_excludes_soft_deleted_comments" time="0.009" /><testcase classname="api.tests.test_activity_stream.ActivityStreamIntegrationTests" name="test_activity_stream_excludes_soft_deleted_posts" time="0.009" /><testcase classname="api.tests.test_activity_stream.ActivityStreamIntegrationTests" name="test_activity_stream_excludes_soft_deleted_questions" time="0.008" /><testcase classname="api.tests.test_activity_stream.ActivityStreamIntegrationTests" name="test_activity_stream_excludes_soft_deleted_recipes" time="0.011" /><testcase classname="api.tests.test_activity_stream.ActivityStreamIntegrationTests" name="test_activity_stream_excludes_unfollowed_user_activities" time="0.011" /><testcase classname="api.tests.test_activity_stream.ActivityStreamIntegrationTests" name="test_activity_stream_filters_by_activity_type_answer" time="0.006" /><testcase classname="api.tests.test_activity_stream.ActivityStreamIntegrationTests" name="test_activity_stream_filters_by_activity_type_comment" time="0.006" /><testcase classname="api.tests.test_activity_stream.ActivityStreamIntegrationTests" name="test_activity_stream_filters_by_activity_type_post" time="0.006" /><testcase classname="api.tests.test_activity_stream.ActivityStreamIntegrationTests" name="test_activity_stream_filters_by_activity_type_question" time="0.007" /><testcase classname="api.tests.test_activity_stream.ActivityStreamIntegrationTests" name="test_activity_stream_filters_by_activity_type_recipe" time="0.006" /><testcase classname="api.tests.test_activity_stream.ActivityStreamIntegrationTests" name="test_activity_stream_follow_user_starts_showing_activities" time="0.017" /><testcase classname="api.tests.test_activity_stream.ActivityStreamIntegrationTests" name="test_activity_stream_handles_mixed_activity_types" time="0.010" /><testcase classname="api.tests.test_activity_stream.ActivityStreamIntegrationTests" name="test_activity_stream_includes_answer_activities" time="0.009" /><testcase classname="api.tests.test_activity_stream.ActivityStreamIntegrationTests" name="test_activity_stream_includes_comment_activities" time="0.009" /><testcase classname="api.tests.test_activity_stream.ActivityStreamIntegrationTests" name="test_activity_stream_includes_forum_post_activities" time="0.009" /><testcase classname="api.tests.test_activity_stream.ActivityStreamIntegrationTests" name="test_activity_stream_includes_multiple_followed_users" time="0.010" /><testcase classname="api.tests.test_activity_stream.ActivityStreamIntegrationTests" name="test_activity_stream_includes_question_activities" time="0.009" /><testcase classname="api.tests.test_activity_stream.ActivityStreamIntegrationTests" name="test_activity_stream_includes_recipe_activities" time="0.009" /><testcase classname="api.tests.test_activity_stream.ActivityStreamIntegrationTests" name="test_activity_stream_includes_user_profile_photo" time="0.009" /><testcase classname="api.tests.test_activity_stream.ActivityStreamIntegrationTests" name="test_activity_stream_invalid_activity_type_filter" time="0.005" /><testcase classname="api.tests.test_activity_stream.ActivityStreamIntegrationTests" name="test_activity_stream_metadata_for_comments" time="0.009" /><testcase classname="api.tests.test_activity_stream.ActivityStreamIntegrationTests" name="test_activity_stream_metadata_for_posts" time="0.008" /><testcase classname="api.tests.test_activity_stream.ActivityStreamIntegrationTests" name="test_activity_stream_metadata_for_recipes" time="0.010" /><testcase classname="api.tests.test_activity_stream.ActivityStreamIntegrationTests" name="test_activity_stream_nested_comment_levels" time="0.010" /><testcase classname="api.tests.test_activity_stream.ActivityStreamIntegrationTests" name="test_activity_stream_pagination" time="0.035" /><testcase classname="api.tests.test_activity_stream.ActivityStreamIntegrationTests" name="test_activity_stream_pagination_max_page_size" time="0.065" /><testcase classname="api.tests.test_activity_stream.ActivityStreamIntegrationTests" name="test_activity_stream_pagination_page_2" time="0.026" /><testcase classname="api.tests.test_activity_stream.ActivityStreamIntegrationTests" name="test_activity_stream_requires_authentication" time="0.003" /><testcase classname="api.tests.test_activity_stream.ActivityStreamIntegrationTests" name="test_activity_stream_sorted_by_timestamp_descending" time="0.014" /><testcase classname="api.tests.test_activity_stream.ActivityStreamIntegrationTests" name="test_activity_stream_timestamp_format" time="0.010" /><testcase classname="api.tests.test_activity_stream.ActivityStreamIntegrationTests" name="test_activity_stream_unfollow_user_stops_showing_activities" time="0.016" /><testcase classname="api.tests.test_api.EndpointAPITests" name="test_bookmark_recipe_action" time="0.004" /><testcase classname="api.tests.test_api.EndpointAPITests" name="test_follow_unfollow_action" time="0.006" /><testcase classname="api.tests.test_api.EndpointAPITests" name="test_forgot_password_nonexistent_and_existing" time="0.004" /><testcase classname="api.tests.test_api.EndpointAPITests" name="test_get_user_id_by_email" time="0.003" /><testcase classname="api.tests.test_api.EndpointAPITests" name="test_login_and_logout_and_login_attempts" time="0.040" /><testcase classname="api.tests.test_api.EndpointAPITests" name="test_password_reset_via_link" time="0.005" /><testcase classname="api.tests.test_api.EndpointAPITests" name="test_register_user_sends_email_and_creates_inactive" time="0.012" /><testcase classname="api.tests.test_api.EndpointAPITests" name="test_request_code_verify_and_reset_password" time="0.008" /><testcase classname="api.tests.test_api.EndpointAPITests" name="test_verify_email_valid_and_invalid" time="0.004" /><testcase classname="api.tests.test_api.ApiTests" name="test_example" time="0.001" /><testcase classname="api.tests.test_integration.AuthenticationIntegrationTests" name="test_complete_user_registration_and_verification_flow" time="0.009" /><testcase classname="api.tests.test_integration.AuthenticationIntegrationTests" name="test_forgot_password_link_workflow" time="0.006" /><testcase classname="api.tests.test_integration.AuthenticationIntegrationTests" name="test_password_reset_code_workflow" time="0.009" /><testcase classname="api.tests.test_integration.RecipeWorkflowIntegrationTests" name="test_complete_recipe_lifecycle" time="0.041" /><testcase classname="api.tests.test_integration.RecipeWorkflowIntegrationTests" name="test_recipe_ingredients_relationship" time="0.032" /><testcase classname="api.tests.test_integration.RecipeWorkflowIntegrationTests" name="test_recipe_search_and_filtering" time="0.017" /><testcase classname="api.tests.test_integration.UserInteractionIntegrationTests" name="test_bookmark_recipe_workflow" time="0.008" /><testcase classname="api.tests.test_integration.UserInteractionIntegrationTests" name="test_follow_unfollow_workflow" time="0.010" /><testcase classname="api.tests.test_integration.UserInteractionIntegrationTests" name="test_like_recipe_workflow" time="0.009" /><testcase classname="api.tests.test_integration.ForumWorkflowIntegrationTests" name="test_complete_forum_post_lifecycle" time="0.015" /><testcase classname="api.tests.test_integration.ReportWorkflowIntegrationTests" name="test_complete_report_resolution_workflow" time="0.015" /><testcase classname="api.tests.test_integration.RatingIntegrationTests" name="test_health_rating_workflow" time="0.014" /><testcase classname="api.tests.test_integration.RatingIntegrationTests" name="test_recipe_rating_workflow" time="0.009" /><testcase classname="api.tests.test_integration.CrossModuleIntegrationTests" name="test_complete_user_journey" time="0.019" /><testcase classname="api.tests.test_integration.CrossModuleIntegrationTests" name="test_user_profile_with_recipe_count" time="0.006" /><testcase classname="api.tests.test_integration_edge_cases.AuthenticationEdgeCaseTests" name="test_login_inactive_user" time="0.003" /><testcase classname="api.tests.test_integration_edge_cases.AuthenticationEdgeCaseTests" name="test_login_wrong_password" time="0.004" /><testcase classname="api.tests.test_integration_edge_cases.AuthenticationEdgeCaseTests" name="test_password_reset_code_expiration" time="0.004" /><testcase classname="api.tests.test_integration_edge_cases.AuthenticationEdgeCaseTests" name="test_password_reset_invalid_code" time="0.002" /><testcase classname="api.tests.test_integration_edge_cases.AuthenticationEdgeCaseTests" name="test_register_duplicate_email" time="0.006" /><testcase classname="api.tests.test_integration_edge_cases.AuthenticationEdgeCaseTests" name="test_register_duplicate_username" time="0.006" /><testcase classname="api.tests.test_integration_edge_cases.AuthenticationEdgeCaseTests" name="test_register_missing_required_fields" time="0.005" /><testcase classname="api.tests.test_integration_edge_cases.RecipeEdgeCaseTests" name="test_create_recipe_empty_name" time="0.003" /><testcase classname="api.tests.test_integration_edge_cases.RecipeEdgeCaseTests" name="test_create_recipe_empty_steps" time="0.008" /><testcase classname="api.tests.test_integration_edge_cases.RecipeEdgeCaseTests" name="test_create_recipe_with_invalid_ingredient" time="0.003" /><testcase classname="api.tests.test_integration_edge_cases.RecipeEdgeCaseTests" name="test_create_recipe_with_invalid_meal_type" time="0.003" /><testcase classname="api.tests.test_integration_edge_cases.RecipeEdgeCaseTests" name="test_create_recipe_with_invalid_unit" time="0.005" /><testcase classname="api.tests.test_integration_edge_cases.RecipeEdgeCaseTests" name="test_create_recipe_with_negative_times" time="0.003" /><testcase classname="api.tests.test_integration_edge_cases.RecipeEdgeCaseTests" name="test_delete_recipe_not_owned" time="0.007" /><testcase classname="api.tests.test_integration_edge_cases.RecipeEdgeCaseTests" name="test_get_nonexistent_recipe" time="0.003" /><testcase classname="api.tests.test_integration_edge_cases.RecipeEdgeCaseTests" name="test_update_recipe_not_owned" time="0.010" /><testcase classname="api.tests.test_integration_edge_cases.ForumEdgeCaseTests" name="test_comment_on_nonexistent_post" time="0.003" /><testcase classname="api.tests.test_integration_edge_cases.ForumEdgeCaseTests" name="test_create_post_empty_title" time="0.002" /><testcase classname="api.tests.test_integration_edge_cases.ForumEdgeCaseTests" name="test_create_post_with_invalid_tags" time="0.003" /><testcase classname="api.tests.test_integration_edge_cases.ForumEdgeCaseTests" name="test_vote_on_nonexistent_post" time="0.002" /><testcase classname="api.tests.test_integration_edge_cases.ForumEdgeCaseTests" name="test_vote_with_invalid_type" time="0.003" /><testcase classname="api.tests.test_integration_edge_cases.ReportEdgeCaseTests" name="test_admin_resolve_nonexistent_report" time="0.005" /><testcase classname="api.tests.test_integration_edge_cases.ReportEdgeCaseTests" name="test_report_invalid_content_type" time="0.003" /><testcase classname="api.tests.test_integration_edge_cases.ReportEdgeCaseTests" name="test_report_invalid_report_type" time="0.003" /><testcase classname="api.tests.test_integration_edge_cases.ReportEdgeCaseTests" name="test_report_nonexistent_content" time="0.004" /><testcase classname="api.tests.test_integration_edge_cases.RatingEdgeCaseTests" name="test_health_rating_by_non_dietitian" time="0.003" /><testcase classname="api.tests.test_integration_edge_cases.RatingEdgeCaseTests" name="test_rate_nonexistent_recipe" time="0.004" /><testcase classname="api.tests.test_integration_edge_cases.RatingEdgeCaseTests" name="test_rate_with_invalid_rating_value" time="0.004" /><testcase classname="api.tests.test_integration_edge_cases.RatingEdgeCaseTests" name="test_rate_with_negative_value" time="0.005" /><testcase classname="api.tests.test_integration_edge_cases.RatingEdgeCaseTests" name="test_rate_without_any_rating" time="0.004" /><testcase classname="api.tests.test_models_unit.PasswordResetCodeModelTests" name="test_code_expires_after_10_minutes" time="0.001" /><testcase classname="api.tests.test_models_unit.PasswordResetCodeModelTests" name="test_code_expires_exactly_at_10_minutes" time="0.001" /><testcase classname="api.tests.test_models_unit.PasswordResetCodeModelTests" name="test_code_not_expired_at_9_minutes" time="0.001" /><testcase classname="api.tests.test_models_unit.PasswordResetCodeModelTests" name="test_code_not_expired_immediately" time="0.001" /><testcase classname="api.tests.test_models_unit.PasswordResetCodeModelTests" name="test_create_password_reset_code" time="0.001" /><testcase classname="api.tests.test_models_unit.PasswordResetTokenModelTests" name="test_create_password_reset_token" time="0.001" /><testcase classname="api.tests.test_models_unit.PasswordResetTokenModelTests" name="test_token_expires_after_15_minutes" time="0.001" /><testcase classname="api.tests.test_models_unit.PasswordResetTokenModelTests" name="test_token_is_unique" time="0.001" /><testcase classname="api.tests.test_models_unit.PasswordResetTokenModelTests" name="test_token_not_expired_at_14_minutes" time="0.001" /><testcase classname="api.tests.test_models_unit.PasswordResetTokenModelTests" name="test_token_not_expired_immediately" time="0.001" /><testcase classname="api.tests.test_models_unit.LoginAttemptModelTests" name="test_create_failed_login_attempt" time="0.001" /><testcase classname="api.tests.test_models_unit.LoginAttemptModelTests" name="test_create_successful_login_attempt" time="0.001" /><testcase classname="api.tests.test_models_unit.LoginAttemptModelTests" name="test_get_recent_attempts_different_users" time="0.002" /><testcase classname="api.tests.test_models_unit.LoginAttemptModelTests" name="test_get_recent_attempts_excludes_old_attempts" time="0.002" /><testcase classname="api.tests.test_models_unit.LoginAttemptModelTests" name="test_get_recent_attempts_excludes_successful_attempts" time="0.002" /><testcase classname="api.tests.test_models_unit.LoginAttemptModelTests" name="test_get_recent_attempts_within_timeframe" time="0.002" /><testcase classname="api.tests.test_models_unit.HealthRatingModelTests" name="test_create_health_rating" time="0.004" /><testcase classname="api.tests.test_models_unit.HealthRatingModelTests" name="test_health_rating_comment_optional" time="0.005" /><testcase classname="api.tests.test_models_unit.HealthRatingModelTests" name="test_health_rating_max_value" time="0.004" /><testcase classname="api.tests.test_models_unit.HealthRatingModelTests" name="test_health_rating_min_value" time="0.004" /><testcase classname="api.tests.test_models_unit.HealthRatingModelTests" name="test_health_rating_unique_together" time="0.006" /><testcase classname="api.tests.test_models_unit.HealthRatingModelTests" name="test_multiple_dietitians_can_rate_same_recipe" time="0.006" /><testcase classname="api.tests.test_models_unit.DietitianModelTests" name="test_create_dietitian" time="0.001" /><testcase classname="api.tests.test_models_unit.DietitianModelTests" name="test_dietitian_one_to_one_relationship" time="0.001" /><testcase classname="api.tests.test_models_unit.DietitianModelTests" name="test_dietitian_reverse_relationship" time="0.001" /><testcase classname="api.tests.test_models_unit.RecipeRatingModelTests" name="test_create_recipe_rating_with_both_ratings" time="0.003" /><testcase classname="api.tests.test_models_unit.RecipeRatingModelTests" name="test_create_recipe_rating_with_only_difficulty" time="0.002" /><testcase classname="api.tests.test_models_unit.RecipeRatingModelTests" name="test_create_recipe_rating_with_only_taste" time="0.002" /><testcase classname="api.tests.test_models_unit.RecipeRatingModelTests" name="test_recipe_rating_max_values" time="0.002" /><testcase classname="api.tests.test_models_unit.RecipeRatingModelTests" name="test_recipe_rating_min_values" time="0.002" /><testcase classname="api.tests.test_models_unit.RecipeRatingModelTests" name="test_recipe_rating_unique_together" time="0.003" /><testcase classname="api.tests.test_models_unit.RegisteredUserModelEdgeCasesTests" name="test_user_accessibility_needs" time="0.001" /><testcase classname="api.tests.test_models_unit.RegisteredUserModelEdgeCasesTests" name="test_user_avg_recipe_rating_default" time="0.001" /><testcase classname="api.tests.test_models_unit.RegisteredUserModelEdgeCasesTests" name="test_user_currency_choices" time="0.001" /><testcase classname="api.tests.test_models_unit.RegisteredUserModelEdgeCasesTests" name="test_user_date_format_choices" time="0.001" /><testcase classname="api.tests.test_models_unit.RegisteredUserModelEdgeCasesTests" name="test_user_date_of_birth_optional" time="0.001" /><testcase classname="api.tests.test_models_unit.RegisteredUserModelEdgeCasesTests" name="test_user_email_uniqueness" time="0.001" /><testcase classname="api.tests.test_models_unit.RegisteredUserModelEdgeCasesTests" name="test_user_language_choices" time="0.001" /><testcase classname="api.tests.test_models_unit.RegisteredUserModelEdgeCasesTests" name="test_user_nationality_optional" time="0.001" /><testcase classname="api.tests.test_models_unit.RegisteredUserModelEdgeCasesTests" name="test_user_recipe_count_default" time="0.001" /><testcase classname="api.tests.test_serializers_unit.UserRegistrationSerializerTests" name="test_serializer_creates_dietitian_user" time="0.036" /><testcase classname="api.tests.test_serializers_unit.UserRegistrationSerializerTests" name="test_serializer_creates_regular_user" time="0.003" /><testcase classname="api.tests.test_serializers_unit.UserRegistrationSerializerTests" name="test_serializer_regular_user_does_not_require_dietitian" time="0.002" /><testcase classname="api.tests.test_serializers_unit.UserRegistrationSerializerTests" name="test_serializer_rejects_dietitian_without_certification" time="0.002" /><testcase classname="api.tests.test_serializers_unit.UserRegistrationSerializerTests" name="test_serializer_validates_dietitian_with_certification" time="0.002" /><testcase classname="api.tests.test_serializers_unit.UserRegistrationSerializerTests" name="test_serializer_validates_regular_user" time="0.002" /><testcase classname="api.tests.test_serializers_unit.LoginSerializerTests" name="test_serializer_creates_login_attempt_on_failure" time="0.004" /><testcase classname="api.tests.test_serializers_unit.LoginSerializerTests" name="test_serializer_rejects_inactive_user" time="0.002" /><testcase classname="api.tests.test_serializers_unit.LoginSerializerTests" name="test_serializer_rejects_nonexistent_email" time="0.002" /><testcase classname="api.tests.test_serializers_unit.LoginSerializerTests" name="test_serializer_rejects_soft_deleted_user" time="0.002" /><testcase classname="api.tests.test_serializers_unit.LoginSerializerTests" name="test_serializer_rejects_wrong_password" time="0.002" /><testcase classname="api.tests.test_serializers_unit.LoginSerializerTests" name="test_serializer_validates_correct_credentials" time="0.002" /><testcase classname="api.tests.test_serializers_unit.RequestPasswordResetCodeSerializerTests" name="test_serializer_creates_password_reset_code" time="0.003" /><testcase classname="api.tests.test_serializers_unit.RequestPasswordResetCodeSerializerTests" name="test_serializer_rejects_invalid_email_format" time="0.001" /><testcase classname="api.tests.test_serializers_unit.RequestPasswordResetCodeSerializerTests" name="test_serializer_rejects_nonexistent_email" time="0.001" /><testcase classname="api.tests.test_serializers_unit.RequestPasswordResetCodeSerializerTests" name="test_serializer_validates_existing_email" time="0.003" /><testcase classname="api.tests.test_serializers_unit.VerifyPasswordResetCodeSerializerTests" name="test_serializer_rejects_expired_code" time="0.002" /><testcase classname="api.tests.test_serializers_unit.VerifyPasswordResetCodeSerializerTests" name="test_serializer_rejects_used_code" time="0.002" /><testcase classname="api.tests.test_serializers_unit.VerifyPasswordResetCodeSerializerTests" name="test_serializer_rejects_wrong_code" time="0.002" /><testcase classname="api.tests.test_serializers_unit.VerifyPasswordResetCodeSerializerTests" name="test_serializer_uses_latest_code" time="0.002" /><testcase classname="api.tests.test_serializers_unit.VerifyPasswordResetCodeSerializerTests" name="test_serializer_validates_correct_code" time="0.002" /><testcase classname="api.tests.test_serializers_unit.ResetPasswordSerializerTests" name="test_serializer_deletes_token_after_reset" time="0.003" /><testcase classname="api.tests.test_serializers_unit.ResetPasswordSerializerTests" name="test_serializer_rejects_expired_token" time="0.002" /><testcase classname="api.tests.test_serializers_unit.ResetPasswordSerializerTests" name="test_serializer_rejects_invalid_token" time="0.001" /><testcase classname="api.tests.test_serializers_unit.ResetPasswordSerializerTests" name="test_serializer_rejects_same_password" time="0.002" /><testcase classname="api.tests.test_serializers_unit.ResetPasswordSerializerTests" name="test_serializer_rejects_short_password" time="0.001" /><testcase classname="api.tests.test_serializers_unit.ResetPasswordSerializerTests" name="test_serializer_saves_new_password" time="0.003" /><testcase classname="api.tests.test_serializers_unit.ResetPasswordSerializerTests" name="test_serializer_validates_valid_token" time="0.002" /><testcase classname="api.tests.test_serializers_unit.HealthRatingSerializerTests" name="test_serializer_creates_health_rating" time="0.006" /><testcase classname="api.tests.test_serializers_unit.HealthRatingSerializerTests" name="test_serializer_rejects_regular_user" time="0.003" /><testcase classname="api.tests.test_serializers_unit.HealthRatingSerializerTests" name="test_serializer_rejects_unauthenticated_user" time="0.003" /><testcase classname="api.tests.test_serializers_unit.HealthRatingSerializerTests" name="test_serializer_updates_existing_rating" time="0.009" /><testcase classname="api.tests.test_serializers_unit.HealthRatingSerializerTests" name="test_serializer_validates_dietitian" time="0.005" /><testcase classname="api.tests.test_serializers_unit.RegisteredUserSerializerTests" name="test_serializer_rejects_avg_recipe_rating_above_five" time="0.002" /><testcase classname="api.tests.test_serializers_unit.RegisteredUserSerializerTests" name="test_serializer_rejects_avg_recipe_rating_below_zero" time="0.002" /><testcase classname="api.tests.test_serializers_unit.RegisteredUserSerializerTests" name="test_serializer_serializes_user_data" time="0.003" /><testcase classname="api.tests.test_serializers_unit.RegisteredUserSerializerTests" name="test_serializer_validates_avg_recipe_rating_range" time="0.002" /><testcase classname="api.tests.test_user_ids_endpoints.UserRecipeIdsEndpointTests" name="test_get_user_recipe_ids_empty" time="0.007" /><testcase classname="api.tests.test_user_ids_endpoints.UserRecipeIdsEndpointTests" name="test_get_user_recipe_ids_excludes_other_users_recipes" time="0.006" /><testcase classname="api.tests.test_user_ids_endpoints.UserRecipeIdsEndpointTests" name="test_get_user_recipe_ids_excludes_soft_deleted" time="0.006" /><testcase classname="api.tests.test_user_ids_endpoints.UserRecipeIdsEndpointTests" name="test_get_user_recipe_ids_success" time="0.006" /><testcase classname="api.tests.test_user_ids_endpoints.UserRecipeIdsEndpointTests" name="test_get_user_recipe_ids_user_not_found" time="0.006" /><testcase classname="api.tests.test_user_ids_endpoints.UserCommentIdsEndpointTests" name="test_get_user_comment_ids_empty" time="0.004" /><testcase classname="api.tests.test_user_ids_endpoints.UserCommentIdsEndpointTests" name="test_get_user_comment_ids_excludes_other_users_comments" time="0.003" /><testcase classname="api.tests.test_user_ids_endpoints.UserCommentIdsEndpointTests" name="test_get_user_comment_ids_excludes_soft_deleted" time="0.004" /><testcase classname="api.tests.test_user_ids_endpoints.UserCommentIdsEndpointTests" name="test_get_user_comment_ids_success" time="0.004" /><testcase classname="api.tests.test_user_ids_endpoints.UserCommentIdsEndpointTests" name="test_get_user_comment_ids_user_not_found" time="0.003" /><testcase classname="api.tests.test_user_ids_endpoints.UserPostIdsEndpointTests" name="test_get_user_post_ids_empty" time="0.004" /><testcase classname="api.tests.test_user_ids_endpoints.UserPostIdsEndpointTests" name="test_get_user_post_ids_excludes_other_users_posts" time="0.004" /><testcase classname="api.tests.test_user_ids_endpoints.UserPostIdsEndpointTests" name="test_get_user_post_ids_excludes_soft_deleted" time="0.003" /><testcase classname="api.tests.test_user_ids_endpoints.UserPostIdsEndpointTests" name="test_get_user_post_ids_success" time="0.003" /><testcase classname="api.tests.test_user_ids_endpoints.UserPostIdsEndpointTests" name="test_get_user_post_ids_user_not_found" time="0.003" /><testcase classname="api.tests.test_user_ids_endpoints.UserIdsEndpointsIntegrationTests" name="test_all_endpoints_return_correct_data" time="0.006" /><testcase classname="api.tests.test_user_ids_endpoints.UserQuestionIdsEndpointTests" name="test_get_user_question_ids_empty" time="0.005" /><testcase classname="api.tests.test_user_ids_endpoints.UserQuestionIdsEndpointTests" name="test_get_user_question_ids_excludes_other_users_questions" time="0.003" /><testcase classname="api.tests.test_user_ids_endpoints.UserQuestionIdsEndpointTests" name="test_get_user_question_ids_excludes_soft_deleted" time="0.003" /><testcase classname="api.tests.test_user_ids_endpoints.UserQuestionIdsEndpointTests" name="test_get_user_question_ids_success" time="0.003" /><testcase classname="api.tests.test_user_ids_endpoints.UserQuestionIdsEndpointTests" name="test_get_user_question_ids_user_not_found" time="0.003" /><testcase classname="api.tests.test_user_ids_endpoints.UserAnswerIdsEndpointTests" name="test_get_user_answer_ids_empty" time="0.004" /><testcase classname="api.tests.test_user_ids_endpoints.UserAnswerIdsEndpointTests" name="test_get_user_answer_ids_excludes_other_users_answers" time="0.003" /><testcase classname="api.tests.test_user_ids_endpoints.UserAnswerIdsEndpointTests" name="test_get_user_answer_ids_excludes_soft_deleted" time="0.004" /><testcase classname="api.tests.test_user_ids_endpoints.UserAnswerIdsEndpointTests" name="test_get_user_answer_ids_success" time="0.004" /><testcase classname="api.tests.test_user_ids_endpoints.UserAnswerIdsEndpointTests" name="test_get_user_answer_ids_user_not_found" time="0.024" /><testcase classname="api.tests.test_views_unit.PasswordResetViewsEdgeCasesTests" name="test_request_reset_code_invalid_email_format" time="0.010" /><testcase classname="api.tests.test_views_unit.PasswordResetViewsEdgeCasesTests" name="test_request_reset_code_missing_email" time="0.029" /><testcase classname="api.tests.test_views_unit.PasswordResetViewsEdgeCasesTests" name="test_request_reset_code_nonexistent_email" time="0.031" /><testcase classname="api.tests.test_views_unit.PasswordResetViewsEdgeCasesTests" name="test_reset_password_expired_token" time="0.004" /><testcase classname="api.tests.test_views_unit.PasswordResetViewsEdgeCasesTests" name="test_reset_password_invalid_token" time="0.003" /><testcase classname="api.tests.test_views_unit.PasswordResetViewsEdgeCasesTests" name="test_reset_password_same_as_old" time="0.004" /><testcase classname="api.tests.test_views_unit.PasswordResetViewsEdgeCasesTests" name="test_reset_password_short_password" time="0.003" /><testcase classname="api.tests.test_views_unit.PasswordResetViewsEdgeCasesTests" name="test_verify_reset_code_already_used" time="0.010" /><testcase classname="api.tests.test_views_unit.PasswordResetViewsEdgeCasesTests" name="test_verify_reset_code_expired_code" time="0.008" /><testcase classname="api.tests.test_views_unit.PasswordResetViewsEdgeCasesTests" name="test_verify_reset_code_wrong_code" time="0.004" /><testcase classname="api.tests.test_views_unit.LoginViewEdgeCasesTests" name="test_login_creates_login_attempt" time="0.005" /><testcase classname="api.tests.test_views_unit.LoginViewEdgeCasesTests" name="test_login_inactive_user" time="0.003" /><testcase classname="api.tests.test_views_unit.LoginViewEdgeCasesTests" name="test_login_missing_email" time="0.002" /><testcase classname="api.tests.test_views_unit.LoginViewEdgeCasesTests" name="test_login_missing_password" time="0.003" /><testcase classname="api.tests.test_views_unit.LoginViewEdgeCasesTests" name="test_login_soft_deleted_user" time="0.004" /><testcase classname="api.tests.test_views_unit.LoginViewEdgeCasesTests" name="test_login_too_many_failed_attempts" time="0.004" /><testcase classname="api.tests.test_views_unit.UserProfileViewsEdgeCasesTests" name="test_bookmark_recipe_missing_recipe_id" time="0.003" /><testcase classname="api.tests.test_views_unit.UserProfileViewsEdgeCasesTests" name="test_bookmark_recipe_nonexistent" time="0.004" /><testcase classname="api.tests.test_views_unit.UserProfileViewsEdgeCasesTests" name="test_follow_missing_user_id" time="0.003" /><testcase classname="api.tests.test_views_unit.UserProfileViewsEdgeCasesTests" name="test_follow_nonexistent_user" time="0.003" /><testcase classname="api.tests.test_views_unit.UserProfileViewsEdgeCasesTests" name="test_follow_self" time="0.004" /><testcase classname="api.tests.test_views_unit.UserProfileViewsEdgeCasesTests" name="test_follow_toggle" time="0.009" /><testcase classname="api.tests.test_views_unit.UserProfileViewsEdgeCasesTests" name="test_unbookmark_recipe_nonexistent" time="0.003" /><testcase classname="api.tests.test_views_unit.UserProfileViewsEdgeCasesTests" name="test_unbookmark_recipe_not_bookmarked" time="0.005" /><testcase classname="api.tests.test_views_unit.HealthRatingViewsEdgeCasesTests" name="test_create_health_rating_as_dietitian" time="0.008" /><testcase classname="api.tests.test_views_unit.HealthRatingViewsEdgeCasesTests" name="test_create_health_rating_as_regular_user" time="0.004" /><testcase classname="api.tests.test_views_unit.HealthRatingViewsEdgeCasesTests" name="test_create_health_rating_invalid_score" time="0.005" /><testcase classname="api.tests.test_views_unit.HealthRatingViewsEdgeCasesTests" name="test_create_health_rating_nonexistent_recipe" time="0.005" /><testcase classname="api.tests.test_views_unit.HealthRatingViewsEdgeCasesTests" name="test_update_health_rating_updates_existing" time="0.014" /><testcase classname="api.tests.test_views_unit.EmailVerificationEdgeCasesTests" name="test_verify_email_already_active" time="0.003" /><testcase classname="api.tests.test_views_unit.EmailVerificationEdgeCasesTests" name="test_verify_email_invalid_token" time="0.002" /><testcase classname="api.tests.test_views_unit.EmailVerificationEdgeCasesTests" name="test_verify_email_invalid_uid" time="0.002" /><testcase classname="api.tests.test_views_unit.LogoutViewEdgeCasesTests" name="test_logout_deletes_token" time="0.003" /><testcase classname="api.tests.test_views_unit.LogoutViewEdgeCasesTests" name="test_logout_twice" time="0.004" /><testcase classname="api.tests.test_views_unit.LogoutViewEdgeCasesTests" name="test_logout_with_invalid_token" time="0.002" /><testcase classname="api.tests.test_views_unit.LogoutViewEdgeCasesTests" name="test_logout_without_token" time="0.002" /><testcase classname="api.tests.test_views_unit.GetUserIdByEmailEdgeCasesTests" name="test_get_user_id_missing_email" time="0.002" /><testcase classname="api.tests.test_views_unit.GetUserIdByEmailEdgeCasesTests" name="test_get_user_id_nonexistent_email" time="0.002" /><testcase classname="api.tests.test_views_unit.GetUserIdByEmailEdgeCasesTests" name="test_get_user_id_valid_email" time="0.002" /><testcase classname="api.tests.test_integration_complex.ComplexWorkflowTests" name="test_bulk_recipe_operations" time="0.072" /><testcase classname="api.tests.test_integration_complex.ComplexWorkflowTests" name="test_complete_recipe_sharing_workflow" time="0.078" /><testcase classname="api.tests.test_integration_complex.ComplexWorkflowTests" name="test_concurrent_likes_performance" time="0.041" /><testcase classname="api.tests.test_integration_complex.ComplexWorkflowTests" name="test_multi_user_forum_discussion_workflow" time="0.038" /><testcase classname="api.tests.test_integration_complex.ComplexWorkflowTests" name="test_recipe_creation_with_multiple_ingredients_performance" time="0.282" /><testcase classname="api.tests.test_integration_complex.ComplexWorkflowTests" name="test_recipe_modification_workflow" time="0.051" /><testcase classname="api.tests.test_integration_complex.ComplexWorkflowTests" name="test_recipe_with_nutrition_calculation" time="0.049" /><testcase classname="api.tests.test_integration_complex.ComplexWorkflowTests" name="test_report_and_resolution_workflow" time="0.040" /><testcase classname="api.tests.test_integration_complex.ComplexWorkflowTests" name="test_user_follow_network_workflow" time="0.038" /><testcase classname="api.tests.test_integration_edge_cases.UserInteractionEdgeCaseTests" name="test_bookmark_nonexistent_recipe" time="0.028" /><testcase classname="api.tests.test_integration_edge_cases.UserInteractionEdgeCaseTests" name="test_follow_nonexistent_user" time="0.028" /><testcase classname="api.tests.test_integration_edge_cases.UserInteractionEdgeCaseTests" name="test_follow_self" time="0.028" /><testcase classname="api.tests.test_integration_edge_cases.UserInteractionEdgeCaseTests" name="test_like_recipe_twice" time="0.029" /><testcase classname="api.tests.test_integration_edge_cases.UserInteractionEdgeCaseTests" name="test_unbookmark_not_bookmarked_recipe" time="0.029" /></testsuite></testsuites>